<?xml version="1.0" encoding="UTF-8"?>
<testsuite xmlns:xsi="http://www.w3.org/2001/XMLSchema-instance" xsi:noNamespaceSchemaLocation="https://maven.apache.org/surefire/maven-surefire-plugin/xsd/surefire-test-report.xsd" name="TestSpringReids" time="0.057" tests="1" errors="1" skipped="0" failures="0">
  <properties>
    <property name="sun.desktop" value="windows"/>
    <property name="awt.toolkit" value="sun.awt.windows.WToolkit"/>
    <property name="file.encoding.pkg" value="sun.io"/>
    <property name="java.specification.version" value="1.8"/>
    <property name="sun.cpu.isalist" value="amd64"/>
    <property name="sun.jnu.encoding" value="GBK"/>
    <property name="java.class.path" value="G:\intelljidea\WORKSPACE\04springboot\jt\jt-manage\target\test-classes;G:\intelljidea\WORKSPACE\04springboot\jt\jt-manage\target\classes;G:\intelljidea\WORKSPACE\04springboot\jt\jt-common\target\jt-common-1.0-SNAPSHOT.jar;G:\maven\LocalMavenHouse\org\springframework\boot\spring-boot-starter-web\2.1.3.RELEASE\spring-boot-starter-web-2.1.3.RELEASE.jar;G:\maven\LocalMavenHouse\org\springframework\boot\spring-boot-starter\2.1.3.RELEASE\spring-boot-starter-2.1.3.RELEASE.jar;G:\maven\LocalMavenHouse\org\springframework\boot\spring-boot-starter-logging\2.1.3.RELEASE\spring-boot-starter-logging-2.1.3.RELEASE.jar;G:\maven\LocalMavenHouse\ch\qos\logback\logback-classic\1.2.3\logback-classic-1.2.3.jar;G:\maven\LocalMavenHouse\ch\qos\logback\logback-core\1.2.3\logback-core-1.2.3.jar;G:\maven\LocalMavenHouse\org\apache\logging\log4j\log4j-to-slf4j\2.11.2\log4j-to-slf4j-2.11.2.jar;G:\maven\LocalMavenHouse\org\apache\logging\log4j\log4j-api\2.11.2\log4j-api-2.11.2.jar;G:\maven\LocalMavenHouse\org\slf4j\jul-to-slf4j\1.7.25\jul-to-slf4j-1.7.25.jar;G:\maven\LocalMavenHouse\javax\annotation\javax.annotation-api\1.3.2\javax.annotation-api-1.3.2.jar;G:\maven\LocalMavenHouse\org\yaml\snakeyaml\1.23\snakeyaml-1.23.jar;G:\maven\LocalMavenHouse\org\springframework\boot\spring-boot-starter-json\2.1.3.RELEASE\spring-boot-starter-json-2.1.3.RELEASE.jar;G:\maven\LocalMavenHouse\com\fasterxml\jackson\core\jackson-databind\2.9.8\jackson-databind-2.9.8.jar;G:\maven\LocalMavenHouse\com\fasterxml\jackson\core\jackson-annotations\2.9.0\jackson-annotations-2.9.0.jar;G:\maven\LocalMavenHouse\com\fasterxml\jackson\core\jackson-core\2.9.8\jackson-core-2.9.8.jar;G:\maven\LocalMavenHouse\com\fasterxml\jackson\datatype\jackson-datatype-jdk8\2.9.8\jackson-datatype-jdk8-2.9.8.jar;G:\maven\LocalMavenHouse\com\fasterxml\jackson\datatype\jackson-datatype-jsr310\2.9.8\jackson-datatype-jsr310-2.9.8.jar;G:\maven\LocalMavenHouse\com\fasterxml\jackson\module\jackson-module-parameter-names\2.9.8\jackson-module-parameter-names-2.9.8.jar;G:\maven\LocalMavenHouse\org\springframework\boot\spring-boot-starter-tomcat\2.1.3.RELEASE\spring-boot-starter-tomcat-2.1.3.RELEASE.jar;G:\maven\LocalMavenHouse\org\apache\tomcat\embed\tomcat-embed-websocket\9.0.16\tomcat-embed-websocket-9.0.16.jar;G:\maven\LocalMavenHouse\org\hibernate\validator\hibernate-validator\6.0.14.Final\hibernate-validator-6.0.14.Final.jar;G:\maven\LocalMavenHouse\javax\validation\validation-api\2.0.1.Final\validation-api-2.0.1.Final.jar;G:\maven\LocalMavenHouse\org\jboss\logging\jboss-logging\3.3.2.Final\jboss-logging-3.3.2.Final.jar;G:\maven\LocalMavenHouse\com\fasterxml\classmate\1.4.0\classmate-1.4.0.jar;G:\maven\LocalMavenHouse\org\springframework\spring-web\5.1.5.RELEASE\spring-web-5.1.5.RELEASE.jar;G:\maven\LocalMavenHouse\org\springframework\spring-beans\5.1.5.RELEASE\spring-beans-5.1.5.RELEASE.jar;G:\maven\LocalMavenHouse\org\springframework\spring-webmvc\5.1.5.RELEASE\spring-webmvc-5.1.5.RELEASE.jar;G:\maven\LocalMavenHouse\org\springframework\spring-context\5.1.5.RELEASE\spring-context-5.1.5.RELEASE.jar;G:\maven\LocalMavenHouse\org\springframework\spring-expression\5.1.5.RELEASE\spring-expression-5.1.5.RELEASE.jar;G:\maven\LocalMavenHouse\org\springframework\boot\spring-boot-starter-aop\2.1.3.RELEASE\spring-boot-starter-aop-2.1.3.RELEASE.jar;G:\maven\LocalMavenHouse\org\springframework\spring-aop\5.1.5.RELEASE\spring-aop-5.1.5.RELEASE.jar;G:\maven\LocalMavenHouse\org\aspectj\aspectjweaver\1.9.2\aspectjweaver-1.9.2.jar;G:\maven\LocalMavenHouse\org\springframework\boot\spring-boot-starter-test\2.1.3.RELEASE\spring-boot-starter-test-2.1.3.RELEASE.jar;G:\maven\LocalMavenHouse\org\springframework\boot\spring-boot-test\2.1.3.RELEASE\spring-boot-test-2.1.3.RELEASE.jar;G:\maven\LocalMavenHouse\org\springframework\boot\spring-boot-test-autoconfigure\2.1.3.RELEASE\spring-boot-test-autoconfigure-2.1.3.RELEASE.jar;G:\maven\LocalMavenHouse\com\jayway\jsonpath\json-path\2.4.0\json-path-2.4.0.jar;G:\maven\LocalMavenHouse\net\minidev\json-smart\2.3\json-smart-2.3.jar;G:\maven\LocalMavenHouse\net\minidev\accessors-smart\1.2\accessors-smart-1.2.jar;G:\maven\LocalMavenHouse\org\ow2\asm\asm\5.0.4\asm-5.0.4.jar;G:\maven\LocalMavenHouse\junit\junit\4.12\junit-4.12.jar;G:\maven\LocalMavenHouse\org\assertj\assertj-core\3.11.1\assertj-core-3.11.1.jar;G:\maven\LocalMavenHouse\org\mockito\mockito-core\2.23.4\mockito-core-2.23.4.jar;G:\maven\LocalMavenHouse\net\bytebuddy\byte-buddy\1.9.10\byte-buddy-1.9.10.jar;G:\maven\LocalMavenHouse\net\bytebuddy\byte-buddy-agent\1.9.10\byte-buddy-agent-1.9.10.jar;G:\maven\LocalMavenHouse\org\objenesis\objenesis\2.6\objenesis-2.6.jar;G:\maven\LocalMavenHouse\org\hamcrest\hamcrest-core\1.3\hamcrest-core-1.3.jar;G:\maven\LocalMavenHouse\org\hamcrest\hamcrest-library\1.3\hamcrest-library-1.3.jar;G:\maven\LocalMavenHouse\org\skyscreamer\jsonassert\1.5.0\jsonassert-1.5.0.jar;G:\maven\LocalMavenHouse\com\vaadin\external\google\android-json\0.0.20131108.vaadin1\android-json-0.0.20131108.vaadin1.jar;G:\maven\LocalMavenHouse\org\springframework\spring-core\5.1.5.RELEASE\spring-core-5.1.5.RELEASE.jar;G:\maven\LocalMavenHouse\org\springframework\spring-jcl\5.1.5.RELEASE\spring-jcl-5.1.5.RELEASE.jar;G:\maven\LocalMavenHouse\org\springframework\spring-test\5.1.5.RELEASE\spring-test-5.1.5.RELEASE.jar;G:\maven\LocalMavenHouse\org\xmlunit\xmlunit-core\2.6.2\xmlunit-core-2.6.2.jar;G:\maven\LocalMavenHouse\org\springframework\boot\spring-boot-configuration-processor\2.1.3.RELEASE\spring-boot-configuration-processor-2.1.3.RELEASE.jar;G:\maven\LocalMavenHouse\org\springframework\springloaded\1.2.8.RELEASE\springloaded-1.2.8.RELEASE.jar;G:\maven\LocalMavenHouse\org\springframework\boot\spring-boot-devtools\2.1.3.RELEASE\spring-boot-devtools-2.1.3.RELEASE.jar;G:\maven\LocalMavenHouse\org\springframework\boot\spring-boot\2.1.3.RELEASE\spring-boot-2.1.3.RELEASE.jar;G:\maven\LocalMavenHouse\org\springframework\boot\spring-boot-autoconfigure\2.1.3.RELEASE\spring-boot-autoconfigure-2.1.3.RELEASE.jar;G:\maven\LocalMavenHouse\org\projectlombok\lombok\1.18.6\lombok-1.18.6.jar;G:\maven\LocalMavenHouse\mysql\mysql-connector-java\5.1.32\mysql-connector-java-5.1.32.jar;G:\maven\LocalMavenHouse\com\alibaba\druid\1.1.12\druid-1.1.12.jar;G:\maven\LocalMavenHouse\com\baomidou\mybatis-plus-boot-starter\3.0.6\mybatis-plus-boot-starter-3.0.6.jar;G:\maven\LocalMavenHouse\com\baomidou\mybatis-plus\3.0.6\mybatis-plus-3.0.6.jar;G:\maven\LocalMavenHouse\com\baomidou\mybatis-plus-extension\3.0.6\mybatis-plus-extension-3.0.6.jar;G:\maven\LocalMavenHouse\com\baomidou\mybatis-plus-core\3.0.6\mybatis-plus-core-3.0.6.jar;G:\maven\LocalMavenHouse\com\baomidou\mybatis-plus-annotation\3.0.6\mybatis-plus-annotation-3.0.6.jar;G:\maven\LocalMavenHouse\com\github\jsqlparser\jsqlparser\1.2\jsqlparser-1.2.jar;G:\maven\LocalMavenHouse\org\mybatis\mybatis-spring\1.3.2\mybatis-spring-1.3.2.jar;G:\maven\LocalMavenHouse\org\mybatis\mybatis\3.4.6\mybatis-3.4.6.jar;G:\maven\LocalMavenHouse\com\baomidou\mybatis-plus-generator\3.0.6\mybatis-plus-generator-3.0.6.jar;G:\maven\LocalMavenHouse\org\springframework\boot\spring-boot-starter-jdbc\2.1.3.RELEASE\spring-boot-starter-jdbc-2.1.3.RELEASE.jar;G:\maven\LocalMavenHouse\com\zaxxer\HikariCP\3.2.0\HikariCP-3.2.0.jar;G:\maven\LocalMavenHouse\org\springframework\spring-jdbc\5.1.5.RELEASE\spring-jdbc-5.1.5.RELEASE.jar;G:\maven\LocalMavenHouse\redis\clients\jedis\2.9.1\jedis-2.9.1.jar;G:\maven\LocalMavenHouse\org\slf4j\slf4j-api\1.7.25\slf4j-api-1.7.25.jar;G:\maven\LocalMavenHouse\org\apache\commons\commons-pool2\2.6.1\commons-pool2-2.6.1.jar;G:\maven\LocalMavenHouse\org\springframework\data\spring-data-redis\2.1.5.RELEASE\spring-data-redis-2.1.5.RELEASE.jar;G:\maven\LocalMavenHouse\org\springframework\data\spring-data-keyvalue\2.1.5.RELEASE\spring-data-keyvalue-2.1.5.RELEASE.jar;G:\maven\LocalMavenHouse\org\springframework\data\spring-data-commons\2.1.5.RELEASE\spring-data-commons-2.1.5.RELEASE.jar;G:\maven\LocalMavenHouse\org\springframework\spring-tx\5.1.5.RELEASE\spring-tx-5.1.5.RELEASE.jar;G:\maven\LocalMavenHouse\org\springframework\spring-oxm\5.1.5.RELEASE\spring-oxm-5.1.5.RELEASE.jar;G:\maven\LocalMavenHouse\org\springframework\spring-context-support\5.1.5.RELEASE\spring-context-support-5.1.5.RELEASE.jar;G:\maven\LocalMavenHouse\javax\servlet\javax.servlet-api\4.0.1\javax.servlet-api-4.0.1.jar;G:\maven\LocalMavenHouse\javax\servlet\jstl\1.2\jstl-1.2.jar;G:\maven\LocalMavenHouse\org\apache\tomcat\embed\tomcat-embed-jasper\9.0.16\tomcat-embed-jasper-9.0.16.jar;G:\maven\LocalMavenHouse\org\apache\tomcat\embed\tomcat-embed-core\9.0.16\tomcat-embed-core-9.0.16.jar;G:\maven\LocalMavenHouse\org\apache\tomcat\tomcat-annotations-api\9.0.16\tomcat-annotations-api-9.0.16.jar;G:\maven\LocalMavenHouse\org\apache\tomcat\embed\tomcat-embed-el\9.0.16\tomcat-embed-el-9.0.16.jar;G:\maven\LocalMavenHouse\org\eclipse\jdt\ecj\3.15.0\ecj-3.15.0.jar;G:\maven\LocalMavenHouse\org\apache\httpcomponents\httpclient\4.5.7\httpclient-4.5.7.jar;G:\maven\LocalMavenHouse\org\apache\httpcomponents\httpcore\4.4.11\httpcore-4.4.11.jar;G:\maven\LocalMavenHouse\commons-codec\commons-codec\1.11\commons-codec-1.11.jar;G:\maven\LocalMavenHouse\org\springframework\boot\spring-boot-starter-quartz\2.1.3.RELEASE\spring-boot-starter-quartz-2.1.3.RELEASE.jar;G:\maven\LocalMavenHouse\org\quartz-scheduler\quartz\2.3.0\quartz-2.3.0.jar;G:\maven\LocalMavenHouse\com\mchange\mchange-commons-java\0.2.11\mchange-commons-java-0.2.11.jar;"/>
    <property name="java.vm.vendor" value="Oracle Corporation"/>
    <property name="sun.arch.data.model" value="64"/>
    <property name="user.variant" value=""/>
    <property name="java.vendor.url" value="http://java.oracle.com/"/>
    <property name="user.timezone" value="Asia/Shanghai"/>
    <property name="java.vm.specification.version" value="1.8"/>
    <property name="os.name" value="Windows 7"/>
    <property name="user.country" value="CN"/>
    <property name="sun.java.launcher" value="SUN_STANDARD"/>
    <property name="sun.boot.library.path" value="G:\jdk1.8\jre\bin"/>
    <property name="sun.java.command" value="C:\Users\CTT\AppData\Local\Temp\surefire7238453712762520699\surefirebooter9061897023453605495.jar C:\Users\CTT\AppData\Local\Temp\surefire7238453712762520699 2019-04-12T14-56-07_649-jvmRun1 surefire2383061083217997916tmp surefire_04141635520381536753tmp"/>
    <property name="surefire.test.class.path" value="G:\intelljidea\WORKSPACE\04springboot\jt\jt-manage\target\test-classes;G:\intelljidea\WORKSPACE\04springboot\jt\jt-manage\target\classes;G:\intelljidea\WORKSPACE\04springboot\jt\jt-common\target\jt-common-1.0-SNAPSHOT.jar;G:\maven\LocalMavenHouse\org\springframework\boot\spring-boot-starter-web\2.1.3.RELEASE\spring-boot-starter-web-2.1.3.RELEASE.jar;G:\maven\LocalMavenHouse\org\springframework\boot\spring-boot-starter\2.1.3.RELEASE\spring-boot-starter-2.1.3.RELEASE.jar;G:\maven\LocalMavenHouse\org\springframework\boot\spring-boot-starter-logging\2.1.3.RELEASE\spring-boot-starter-logging-2.1.3.RELEASE.jar;G:\maven\LocalMavenHouse\ch\qos\logback\logback-classic\1.2.3\logback-classic-1.2.3.jar;G:\maven\LocalMavenHouse\ch\qos\logback\logback-core\1.2.3\logback-core-1.2.3.jar;G:\maven\LocalMavenHouse\org\apache\logging\log4j\log4j-to-slf4j\2.11.2\log4j-to-slf4j-2.11.2.jar;G:\maven\LocalMavenHouse\org\apache\logging\log4j\log4j-api\2.11.2\log4j-api-2.11.2.jar;G:\maven\LocalMavenHouse\org\slf4j\jul-to-slf4j\1.7.25\jul-to-slf4j-1.7.25.jar;G:\maven\LocalMavenHouse\javax\annotation\javax.annotation-api\1.3.2\javax.annotation-api-1.3.2.jar;G:\maven\LocalMavenHouse\org\yaml\snakeyaml\1.23\snakeyaml-1.23.jar;G:\maven\LocalMavenHouse\org\springframework\boot\spring-boot-starter-json\2.1.3.RELEASE\spring-boot-starter-json-2.1.3.RELEASE.jar;G:\maven\LocalMavenHouse\com\fasterxml\jackson\core\jackson-databind\2.9.8\jackson-databind-2.9.8.jar;G:\maven\LocalMavenHouse\com\fasterxml\jackson\core\jackson-annotations\2.9.0\jackson-annotations-2.9.0.jar;G:\maven\LocalMavenHouse\com\fasterxml\jackson\core\jackson-core\2.9.8\jackson-core-2.9.8.jar;G:\maven\LocalMavenHouse\com\fasterxml\jackson\datatype\jackson-datatype-jdk8\2.9.8\jackson-datatype-jdk8-2.9.8.jar;G:\maven\LocalMavenHouse\com\fasterxml\jackson\datatype\jackson-datatype-jsr310\2.9.8\jackson-datatype-jsr310-2.9.8.jar;G:\maven\LocalMavenHouse\com\fasterxml\jackson\module\jackson-module-parameter-names\2.9.8\jackson-module-parameter-names-2.9.8.jar;G:\maven\LocalMavenHouse\org\springframework\boot\spring-boot-starter-tomcat\2.1.3.RELEASE\spring-boot-starter-tomcat-2.1.3.RELEASE.jar;G:\maven\LocalMavenHouse\org\apache\tomcat\embed\tomcat-embed-websocket\9.0.16\tomcat-embed-websocket-9.0.16.jar;G:\maven\LocalMavenHouse\org\hibernate\validator\hibernate-validator\6.0.14.Final\hibernate-validator-6.0.14.Final.jar;G:\maven\LocalMavenHouse\javax\validation\validation-api\2.0.1.Final\validation-api-2.0.1.Final.jar;G:\maven\LocalMavenHouse\org\jboss\logging\jboss-logging\3.3.2.Final\jboss-logging-3.3.2.Final.jar;G:\maven\LocalMavenHouse\com\fasterxml\classmate\1.4.0\classmate-1.4.0.jar;G:\maven\LocalMavenHouse\org\springframework\spring-web\5.1.5.RELEASE\spring-web-5.1.5.RELEASE.jar;G:\maven\LocalMavenHouse\org\springframework\spring-beans\5.1.5.RELEASE\spring-beans-5.1.5.RELEASE.jar;G:\maven\LocalMavenHouse\org\springframework\spring-webmvc\5.1.5.RELEASE\spring-webmvc-5.1.5.RELEASE.jar;G:\maven\LocalMavenHouse\org\springframework\spring-context\5.1.5.RELEASE\spring-context-5.1.5.RELEASE.jar;G:\maven\LocalMavenHouse\org\springframework\spring-expression\5.1.5.RELEASE\spring-expression-5.1.5.RELEASE.jar;G:\maven\LocalMavenHouse\org\springframework\boot\spring-boot-starter-aop\2.1.3.RELEASE\spring-boot-starter-aop-2.1.3.RELEASE.jar;G:\maven\LocalMavenHouse\org\springframework\spring-aop\5.1.5.RELEASE\spring-aop-5.1.5.RELEASE.jar;G:\maven\LocalMavenHouse\org\aspectj\aspectjweaver\1.9.2\aspectjweaver-1.9.2.jar;G:\maven\LocalMavenHouse\org\springframework\boot\spring-boot-starter-test\2.1.3.RELEASE\spring-boot-starter-test-2.1.3.RELEASE.jar;G:\maven\LocalMavenHouse\org\springframework\boot\spring-boot-test\2.1.3.RELEASE\spring-boot-test-2.1.3.RELEASE.jar;G:\maven\LocalMavenHouse\org\springframework\boot\spring-boot-test-autoconfigure\2.1.3.RELEASE\spring-boot-test-autoconfigure-2.1.3.RELEASE.jar;G:\maven\LocalMavenHouse\com\jayway\jsonpath\json-path\2.4.0\json-path-2.4.0.jar;G:\maven\LocalMavenHouse\net\minidev\json-smart\2.3\json-smart-2.3.jar;G:\maven\LocalMavenHouse\net\minidev\accessors-smart\1.2\accessors-smart-1.2.jar;G:\maven\LocalMavenHouse\org\ow2\asm\asm\5.0.4\asm-5.0.4.jar;G:\maven\LocalMavenHouse\junit\junit\4.12\junit-4.12.jar;G:\maven\LocalMavenHouse\org\assertj\assertj-core\3.11.1\assertj-core-3.11.1.jar;G:\maven\LocalMavenHouse\org\mockito\mockito-core\2.23.4\mockito-core-2.23.4.jar;G:\maven\LocalMavenHouse\net\bytebuddy\byte-buddy\1.9.10\byte-buddy-1.9.10.jar;G:\maven\LocalMavenHouse\net\bytebuddy\byte-buddy-agent\1.9.10\byte-buddy-agent-1.9.10.jar;G:\maven\LocalMavenHouse\org\objenesis\objenesis\2.6\objenesis-2.6.jar;G:\maven\LocalMavenHouse\org\hamcrest\hamcrest-core\1.3\hamcrest-core-1.3.jar;G:\maven\LocalMavenHouse\org\hamcrest\hamcrest-library\1.3\hamcrest-library-1.3.jar;G:\maven\LocalMavenHouse\org\skyscreamer\jsonassert\1.5.0\jsonassert-1.5.0.jar;G:\maven\LocalMavenHouse\com\vaadin\external\google\android-json\0.0.20131108.vaadin1\android-json-0.0.20131108.vaadin1.jar;G:\maven\LocalMavenHouse\org\springframework\spring-core\5.1.5.RELEASE\spring-core-5.1.5.RELEASE.jar;G:\maven\LocalMavenHouse\org\springframework\spring-jcl\5.1.5.RELEASE\spring-jcl-5.1.5.RELEASE.jar;G:\maven\LocalMavenHouse\org\springframework\spring-test\5.1.5.RELEASE\spring-test-5.1.5.RELEASE.jar;G:\maven\LocalMavenHouse\org\xmlunit\xmlunit-core\2.6.2\xmlunit-core-2.6.2.jar;G:\maven\LocalMavenHouse\org\springframework\boot\spring-boot-configuration-processor\2.1.3.RELEASE\spring-boot-configuration-processor-2.1.3.RELEASE.jar;G:\maven\LocalMavenHouse\org\springframework\springloaded\1.2.8.RELEASE\springloaded-1.2.8.RELEASE.jar;G:\maven\LocalMavenHouse\org\springframework\boot\spring-boot-devtools\2.1.3.RELEASE\spring-boot-devtools-2.1.3.RELEASE.jar;G:\maven\LocalMavenHouse\org\springframework\boot\spring-boot\2.1.3.RELEASE\spring-boot-2.1.3.RELEASE.jar;G:\maven\LocalMavenHouse\org\springframework\boot\spring-boot-autoconfigure\2.1.3.RELEASE\spring-boot-autoconfigure-2.1.3.RELEASE.jar;G:\maven\LocalMavenHouse\org\projectlombok\lombok\1.18.6\lombok-1.18.6.jar;G:\maven\LocalMavenHouse\mysql\mysql-connector-java\5.1.32\mysql-connector-java-5.1.32.jar;G:\maven\LocalMavenHouse\com\alibaba\druid\1.1.12\druid-1.1.12.jar;G:\maven\LocalMavenHouse\com\baomidou\mybatis-plus-boot-starter\3.0.6\mybatis-plus-boot-starter-3.0.6.jar;G:\maven\LocalMavenHouse\com\baomidou\mybatis-plus\3.0.6\mybatis-plus-3.0.6.jar;G:\maven\LocalMavenHouse\com\baomidou\mybatis-plus-extension\3.0.6\mybatis-plus-extension-3.0.6.jar;G:\maven\LocalMavenHouse\com\baomidou\mybatis-plus-core\3.0.6\mybatis-plus-core-3.0.6.jar;G:\maven\LocalMavenHouse\com\baomidou\mybatis-plus-annotation\3.0.6\mybatis-plus-annotation-3.0.6.jar;G:\maven\LocalMavenHouse\com\github\jsqlparser\jsqlparser\1.2\jsqlparser-1.2.jar;G:\maven\LocalMavenHouse\org\mybatis\mybatis-spring\1.3.2\mybatis-spring-1.3.2.jar;G:\maven\LocalMavenHouse\org\mybatis\mybatis\3.4.6\mybatis-3.4.6.jar;G:\maven\LocalMavenHouse\com\baomidou\mybatis-plus-generator\3.0.6\mybatis-plus-generator-3.0.6.jar;G:\maven\LocalMavenHouse\org\springframework\boot\spring-boot-starter-jdbc\2.1.3.RELEASE\spring-boot-starter-jdbc-2.1.3.RELEASE.jar;G:\maven\LocalMavenHouse\com\zaxxer\HikariCP\3.2.0\HikariCP-3.2.0.jar;G:\maven\LocalMavenHouse\org\springframework\spring-jdbc\5.1.5.RELEASE\spring-jdbc-5.1.5.RELEASE.jar;G:\maven\LocalMavenHouse\redis\clients\jedis\2.9.1\jedis-2.9.1.jar;G:\maven\LocalMavenHouse\org\slf4j\slf4j-api\1.7.25\slf4j-api-1.7.25.jar;G:\maven\LocalMavenHouse\org\apache\commons\commons-pool2\2.6.1\commons-pool2-2.6.1.jar;G:\maven\LocalMavenHouse\org\springframework\data\spring-data-redis\2.1.5.RELEASE\spring-data-redis-2.1.5.RELEASE.jar;G:\maven\LocalMavenHouse\org\springframework\data\spring-data-keyvalue\2.1.5.RELEASE\spring-data-keyvalue-2.1.5.RELEASE.jar;G:\maven\LocalMavenHouse\org\springframework\data\spring-data-commons\2.1.5.RELEASE\spring-data-commons-2.1.5.RELEASE.jar;G:\maven\LocalMavenHouse\org\springframework\spring-tx\5.1.5.RELEASE\spring-tx-5.1.5.RELEASE.jar;G:\maven\LocalMavenHouse\org\springframework\spring-oxm\5.1.5.RELEASE\spring-oxm-5.1.5.RELEASE.jar;G:\maven\LocalMavenHouse\org\springframework\spring-context-support\5.1.5.RELEASE\spring-context-support-5.1.5.RELEASE.jar;G:\maven\LocalMavenHouse\javax\servlet\javax.servlet-api\4.0.1\javax.servlet-api-4.0.1.jar;G:\maven\LocalMavenHouse\javax\servlet\jstl\1.2\jstl-1.2.jar;G:\maven\LocalMavenHouse\org\apache\tomcat\embed\tomcat-embed-jasper\9.0.16\tomcat-embed-jasper-9.0.16.jar;G:\maven\LocalMavenHouse\org\apache\tomcat\embed\tomcat-embed-core\9.0.16\tomcat-embed-core-9.0.16.jar;G:\maven\LocalMavenHouse\org\apache\tomcat\tomcat-annotations-api\9.0.16\tomcat-annotations-api-9.0.16.jar;G:\maven\LocalMavenHouse\org\apache\tomcat\embed\tomcat-embed-el\9.0.16\tomcat-embed-el-9.0.16.jar;G:\maven\LocalMavenHouse\org\eclipse\jdt\ecj\3.15.0\ecj-3.15.0.jar;G:\maven\LocalMavenHouse\org\apache\httpcomponents\httpclient\4.5.7\httpclient-4.5.7.jar;G:\maven\LocalMavenHouse\org\apache\httpcomponents\httpcore\4.4.11\httpcore-4.4.11.jar;G:\maven\LocalMavenHouse\commons-codec\commons-codec\1.11\commons-codec-1.11.jar;G:\maven\LocalMavenHouse\org\springframework\boot\spring-boot-starter-quartz\2.1.3.RELEASE\spring-boot-starter-quartz-2.1.3.RELEASE.jar;G:\maven\LocalMavenHouse\org\quartz-scheduler\quartz\2.3.0\quartz-2.3.0.jar;G:\maven\LocalMavenHouse\com\mchange\mchange-commons-java\0.2.11\mchange-commons-java-0.2.11.jar;"/>
    <property name="sun.cpu.endian" value="little"/>
    <property name="user.home" value="C:\Users\CTT"/>
    <property name="user.language" value="zh"/>
    <property name="java.specification.vendor" value="Oracle Corporation"/>
    <property name="java.home" value="G:\jdk1.8\jre"/>
    <property name="basedir" value="G:\intelljidea\WORKSPACE\04springboot\jt\jt-manage"/>
    <property name="file.separator" value="\"/>
    <property name="line.separator" value="&#10;"/>
    <property name="java.vm.specification.vendor" value="Oracle Corporation"/>
    <property name="java.specification.name" value="Java Platform API Specification"/>
    <property name="java.awt.graphicsenv" value="sun.awt.Win32GraphicsEnvironment"/>
    <property name="surefire.real.class.path" value="C:\Users\CTT\AppData\Local\Temp\surefire7238453712762520699\surefirebooter9061897023453605495.jar"/>
    <property name="sun.boot.class.path" value="G:\jdk1.8\jre\lib\resources.jar;G:\jdk1.8\jre\lib\rt.jar;G:\jdk1.8\jre\lib\sunrsasign.jar;G:\jdk1.8\jre\lib\jsse.jar;G:\jdk1.8\jre\lib\jce.jar;G:\jdk1.8\jre\lib\charsets.jar;G:\jdk1.8\jre\lib\jfr.jar;G:\jdk1.8\jre\classes"/>
    <property name="user.script" value=""/>
    <property name="sun.management.compiler" value="HotSpot 64-Bit Tiered Compilers"/>
    <property name="java.runtime.version" value="1.8.0_25-b18"/>
    <property name="user.name" value="CTT"/>
    <property name="path.separator" value=";"/>
    <property name="os.version" value="6.1"/>
    <property name="java.endorsed.dirs" value="G:\jdk1.8\jre\lib\endorsed"/>
    <property name="java.runtime.name" value="Java(TM) SE Runtime Environment"/>
    <property name="file.encoding" value="GBK"/>
    <property name="java.vm.name" value="Java HotSpot(TM) 64-Bit Server VM"/>
    <property name="localRepository" value="G:\maven\LocalMavenHouse"/>
    <property name="java.vendor.url.bug" value="http://bugreport.sun.com/bugreport/"/>
    <property name="java.io.tmpdir" value="C:\Users\CTT\AppData\Local\Temp\"/>
    <property name="idea.version" value="2018.3.2"/>
    <property name="java.version" value="1.8.0_25"/>
    <property name="user.dir" value="G:\intelljidea\WORKSPACE\04springboot\jt\jt-manage"/>
    <property name="os.arch" value="amd64"/>
    <property name="java.vm.specification.name" value="Java Virtual Machine Specification"/>
    <property name="java.awt.printerjob" value="sun.awt.windows.WPrinterJob"/>
    <property name="sun.os.patch.level" value="Service Pack 1"/>
    <property name="java.library.path" value="G:\jdk1.8\jre\bin;C:\Windows\Sun\Java\bin;C:\Windows\system32;C:\Windows;C:\Windows\system32;C:\Windows;C:\Windows\System32\Wbem;C:\Windows\System32\WindowsPowerShell\v1.0\;G:\jdk1.8\bin;G:\jdk1.8\jre\bin;G:\阿帕奇服务器\tomcat7\apache-tomcat-7.0.59\lib;G:\阿帕;服务器\tomcat7\apache-tomcat-7.0.59\bin;;G;\ue_chinese_64\toufangweizhi;G:\MySQL\mysql-5.6.23-winx64\bin;G:\maven\apache-maven-3.3.9\bin;G:\git\git-toufangweizhi\Git\cmd;G:\git\TortoiseGit-toufangweizhi\bin;;G:\docker\Docker Toolbox;."/>
    <property name="java.vm.info" value="mixed mode"/>
    <property name="java.vendor" value="Oracle Corporation"/>
    <property name="java.vm.version" value="25.25-b02"/>
    <property name="java.ext.dirs" value="G:\jdk1.8\jre\lib\ext;C:\Windows\Sun\Java\lib\ext"/>
    <property name="sun.io.unicode.encoding" value="UnicodeLittle"/>
    <property name="java.class.version" value="52.0"/>
  </properties>
  <testcase name="test1" classname="TestSpringReids" time="0.005">
    <error type="java.lang.NullPointerException">java.lang.NullPointerException
	at TestSpringReids.test1(TestSpringReids.java:15)
</error>
  </testcase>
</testsuite>